已經開始建置於 2017/9/27 下午 03:03:22。
     1>節點 2 (Build 目標) 上的專案 "C:\class\ex6\ex6\ex6\ex6.vcxproj"。
     1>ClCompile:
         C:\Program Files (x86)\Microsoft Visual Studio 12.0\VC\bin\CL.exe /c /ZI /nologo /W3 /WX- /sdl /Od /Oy- /D WIN32 /D _DEBUG /D _CONSOLE /D _LIB /D _UNICODE /D UNICODE /Gm /EHsc /RTC1 /MDd /GS /fp:precise /Zc:wchar_t /Zc:forScope /Fo"Debug\\" /Fd"Debug\vc120.pdb" /Gd /TC /analyze- /errorReport:prompt ex6_7.c
         ex6_7.c
       Link:
         C:\Program Files (x86)\Microsoft Visual Studio 12.0\VC\bin\link.exe /ERRORREPORT:PROMPT /OUT:"C:\class\ex6\ex6\Debug\ex6.exe" /INCREMENTAL /NOLOGO kernel32.lib user32.lib gdi32.lib winspool.lib comdlg32.lib advapi32.lib shell32.lib ole32.lib oleaut32.lib uuid.lib odbc32.lib odbccp32.lib /MANIFEST /MANIFESTUAC:"level='asInvoker' uiAccess='false'" /manifest:embed /DEBUG /PDB:"C:\class\ex6\ex6\Debug\ex6.pdb" /SUBSYSTEM:CONSOLE /TLBID:1 /DYNAMICBASE /NXCOMPAT /IMPLIB:"C:\class\ex6\ex6\Debug\ex6.lib" /MACHINE:X86 Debug\ex6_3.obj
         Debug\ex6_1.obj
         Debug\ex6_2.obj
         Debug\ex6_4.obj
         Debug\ex6_5.obj
         Debug\ex6_6.obj
         Debug\ex6_7.obj
         Debug\function_1a.obj
         Debug\function_2a.obj
         Debug\function_2b.obj
         Debug\function_3a.obj
         Debug\function_3b.obj
         Debug\function_3c.obj
         Debug\function_4a.obj
         Debug\function_4b.obj
         Debug\function_4c.obj
         Debug\main.obj
         ex6.vcxproj -> C:\class\ex6\ex6\Debug\ex6.exe
     1>專案 "C:\class\ex6\ex6\ex6\ex6.vcxproj" (Build 目標) 建置完成。

建置成功。

經過時間 00:00:00.39
