c:\class\ex1\debug\vc141.pdb
c:\class\ex1\debug\vc141.idb
c:\class\ex1\debug\ex1_1.obj
c:\class\ex1\debug\ex1_2.obj
c:\class\ex1\debug\ex1_3.obj
c:\class\ex1\debug\ex1_4.obj
c:\class\ex1\debug\hw1.obj
c:\class\ex1\debug\hw2.obj
c:\class\ex1\debug\hw3.obj
c:\class\ex1\debug\hw4.obj
c:\class\ex1\debug\main.obj
c:\class\ex1\debug\ch1.ilk
c:\class\ex1\debug\ch1.exe
c:\class\ex1\debug\ch1.pdb
c:\class\ex1\debug\ch1.tlog\cl.command.1.tlog
c:\class\ex1\debug\ch1.tlog\cl.read.1.tlog
c:\class\ex1\debug\ch1.tlog\cl.write.1.tlog
c:\class\ex1\debug\ch1.tlog\link.command.1.tlog
c:\class\ex1\debug\ch1.tlog\link.read.1.tlog
c:\class\ex1\debug\ch1.tlog\link.write.1.tlog
